Info: Starting: Create HDL design files for synthesis
Info: qsys-generate C:\repos\quartus_proj\BM-CycloneV-DE1_SoC\DE1_SoC_demo\hw\quartus\soc_system.qsys --synthesis=VHDL --output-directory=C:\repos\quartus_proj\BM-CycloneV-DE1_SoC\DE1_SoC_demo\hw\quartus\soc_system\synthesis --family="Cyclone V" --part=5CSEMA5F31C6
Progress: Loading quartus/soc_system.qsys
Progress: Reading input file
Progress: Adding buttons_0 [altera_avalon_pio 15.1]
Progress: Parameterizing module buttons_0
Progress: Adding clk_0 [clock_source 15.1]
Progress: Parameterizing module clk_0
Progress: Adding hex_0 [altera_avalon_pio 15.1]
Progress: Parameterizing module hex_0
Progress: Adding hex_1 [altera_avalon_pio 15.1]
Progress: Parameterizing module hex_1
Progress: Adding hex_2 [altera_avalon_pio 15.1]
Progress: Parameterizing module hex_2
Progress: Adding hex_3 [altera_avalon_pio 15.1]
Progress: Parameterizing module hex_3
Progress: Adding hex_4 [altera_avalon_pio 15.1]
Progress: Parameterizing module hex_4
Progress: Adding hex_5 [altera_avalon_pio 15.1]
Progress: Parameterizing module hex_5
Progress: Adding hps_0 [altera_hps 15.1]
Progress: Parameterizing module hps_0
Progress: Adding jtag_uart_0 [altera_avalon_jtag_uart 15.1]
Progress: Parameterizing module jtag_uart_0
Progress: Adding leds_0 [altera_avalon_pio 15.1]
Progress: Parameterizing module leds_0
Progress: Adding nios2_qsys_0 [altera_nios2_qsys 15.1]
Progress: Parameterizing module nios2_qsys_0
Progress: Adding pll_0 [altera_pll 15.1]
Progress: Parameterizing module pll_0
Progress: Adding sdram_controller_0 [altera_avalon_new_sdram_controller 15.1]
Progress: Parameterizing module sdram_controller_0
Progress: Adding switches_0 [altera_avalon_pio 15.1]
Progress: Parameterizing module switches_0
Progress: Adding sysid [altera_avalon_sysid_qsys 15.1]
Progress: Parameterizing module sysid
Progress: Building connections
Progress: Parameterizing connections
Progress: Validating
Progress: Done reading input file
Info: soc_system.buttons_0: PIO inputs are not hardwired in test bench. Undefined values will be read from PIO inputs during simulation.
Info: soc_system.hps_0: HPS Main PLL counter settings: n = 0  m = 73
Info: soc_system.hps_0: HPS peripherial PLL counter settings: n = 0  m = 39
Warning: soc_system.hps_0: "Configuration/HPS-to-FPGA user 0 clock frequency" (desired_cfg_clk_mhz) requested 100.0 MHz, but only achieved 97.368421 MHz
Warning: soc_system.hps_0: "QSPI clock frequency" (desired_qspi_clk_mhz) requested 400.0 MHz, but only achieved 370.0 MHz
Warning: soc_system.hps_0: 1 or more output clock frequencies cannot be achieved precisely, consider revising desired output clock frequencies.
Warning: soc_system.nios2_qsys_0: Nios II Classic cores are no longer recommended for new projects
Info: soc_system.pll_0: The legal reference clock frequency is 5.0 MHz..800.0 MHz
Warning: soc_system.pll_0: Able to implement PLL - Actual settings differ from Requested settings
Info: soc_system.switches_0: PIO inputs are not hardwired in test bench. Undefined values will be read from PIO inputs during simulation.
Info: soc_system.sysid: System ID is not assigned automatically. Edit the System ID parameter to provide a unique ID
Info: soc_system.sysid: Time stamp will be automatically updated when this component is generated.
Info: soc_system: Generating soc_system "soc_system" for QUARTUS_SYNTH
Info: Inserting clock-crossing logic between cmd_demux.src3 and cmd_mux_003.sink0
Info: Inserting clock-crossing logic between cmd_demux_001.src1 and cmd_mux_003.sink1
Info: Inserting clock-crossing logic between rsp_demux_003.src0 and rsp_mux.sink3
Info: Inserting clock-crossing logic between rsp_demux_003.src1 and rsp_mux_001.sink1
Info: buttons_0: Starting RTL generation for module 'soc_system_buttons_0'
Info: buttons_0:   Generation command is [exec C:/altera_lite/15.1/quartus/bin64/perl/bin/perl.exe -I C:/altera_lite/15.1/quartus/bin64/perl/lib -I C:/altera_lite/15.1/quartus/sopc_builder/bin/europa -I C:/altera_lite/15.1/quartus/sopc_builder/bin/perl_lib -I C:/altera_lite/15.1/quartus/sopc_builder/bin -I C:/altera_lite/15.1/quartus/../ip/altera/sopc_builder_ip/common -I C:/altera_lite/15.1/quartus/../ip/altera/sopc_builder_ip/altera_avalon_pio -- C:/altera_lite/15.1/quartus/../ip/altera/sopc_builder_ip/altera_avalon_pio/generate_rtl.pl --name=soc_system_buttons_0 --dir=C:/Users/ZHAMBA~1/AppData/Local/Temp/alt9781_4355718456505225209.dir/0001_buttons_0_gen/ --quartus_dir=C:/altera_lite/15.1/quartus --verilog --config=C:/Users/ZHAMBA~1/AppData/Local/Temp/alt9781_4355718456505225209.dir/0001_buttons_0_gen//soc_system_buttons_0_component_configuration.pl  --do_build_sim=0  ]
Info: buttons_0: Done RTL generation for module 'soc_system_buttons_0'
Info: buttons_0: "soc_system" instantiated altera_avalon_pio "buttons_0"
Info: hex_0: Starting RTL generation for module 'soc_system_hex_0'
Info: hex_0:   Generation command is [exec C:/altera_lite/15.1/quartus/bin64/perl/bin/perl.exe -I C:/altera_lite/15.1/quartus/bin64/perl/lib -I C:/altera_lite/15.1/quartus/sopc_builder/bin/europa -I C:/altera_lite/15.1/quartus/sopc_builder/bin/perl_lib -I C:/altera_lite/15.1/quartus/sopc_builder/bin -I C:/altera_lite/15.1/quartus/../ip/altera/sopc_builder_ip/common -I C:/altera_lite/15.1/quartus/../ip/altera/sopc_builder_ip/altera_avalon_pio -- C:/altera_lite/15.1/quartus/../ip/altera/sopc_builder_ip/altera_avalon_pio/generate_rtl.pl --name=soc_system_hex_0 --dir=C:/Users/ZHAMBA~1/AppData/Local/Temp/alt9781_4355718456505225209.dir/0002_hex_0_gen/ --quartus_dir=C:/altera_lite/15.1/quartus --verilog --config=C:/Users/ZHAMBA~1/AppData/Local/Temp/alt9781_4355718456505225209.dir/0002_hex_0_gen//soc_system_hex_0_component_configuration.pl  --do_build_sim=0  ]
Info: hex_0: Done RTL generation for module 'soc_system_hex_0'
Info: hex_0: "soc_system" instantiated altera_avalon_pio "hex_0"
Info: hps_0: "Running  for module: hps_0"
Info: hps_0: HPS Main PLL counter settings: n = 0  m = 73
Info: hps_0: HPS peripherial PLL counter settings: n = 0  m = 39
Warning: hps_0: "Configuration/HPS-to-FPGA user 0 clock frequency" (desired_cfg_clk_mhz) requested 100.0 MHz, but only achieved 97.368421 MHz
Warning: hps_0: "QSPI clock frequency" (desired_qspi_clk_mhz) requested 400.0 MHz, but only achieved 370.0 MHz
Warning: hps_0: 1 or more output clock frequencies cannot be achieved precisely, consider revising desired output clock frequencies.
Info: hps_0: "soc_system" instantiated altera_hps "hps_0"
Info: jtag_uart_0: Starting RTL generation for module 'soc_system_jtag_uart_0'
Info: jtag_uart_0:   Generation command is [exec C:/altera_lite/15.1/quartus/bin64/perl/bin/perl.exe -I C:/altera_lite/15.1/quartus/bin64/perl/lib -I C:/altera_lite/15.1/quartus/sopc_builder/bin/europa -I C:/altera_lite/15.1/quartus/sopc_builder/bin/perl_lib -I C:/altera_lite/15.1/quartus/sopc_builder/bin -I C:/altera_lite/15.1/quartus/../ip/altera/sopc_builder_ip/common -I C:/altera_lite/15.1/quartus/../ip/altera/sopc_builder_ip/altera_avalon_jtag_uart -- C:/altera_lite/15.1/quartus/../ip/altera/sopc_builder_ip/altera_avalon_jtag_uart/generate_rtl.pl --name=soc_system_jtag_uart_0 --dir=C:/Users/ZHAMBA~1/AppData/Local/Temp/alt9781_4355718456505225209.dir/0003_jtag_uart_0_gen/ --quartus_dir=C:/altera_lite/15.1/quartus --verilog --config=C:/Users/ZHAMBA~1/AppData/Local/Temp/alt9781_4355718456505225209.dir/0003_jtag_uart_0_gen//soc_system_jtag_uart_0_component_configuration.pl  --do_build_sim=0  ]
Info: jtag_uart_0: Done RTL generation for module 'soc_system_jtag_uart_0'
Info: jtag_uart_0: "soc_system" instantiated altera_avalon_jtag_uart "jtag_uart_0"
Info: leds_0: Starting RTL generation for module 'soc_system_leds_0'
Info: leds_0:   Generation command is [exec C:/altera_lite/15.1/quartus/bin64/perl/bin/perl.exe -I C:/altera_lite/15.1/quartus/bin64/perl/lib -I C:/altera_lite/15.1/quartus/sopc_builder/bin/europa -I C:/altera_lite/15.1/quartus/sopc_builder/bin/perl_lib -I C:/altera_lite/15.1/quartus/sopc_builder/bin -I C:/altera_lite/15.1/quartus/../ip/altera/sopc_builder_ip/common -I C:/altera_lite/15.1/quartus/../ip/altera/sopc_builder_ip/altera_avalon_pio -- C:/altera_lite/15.1/quartus/../ip/altera/sopc_builder_ip/altera_avalon_pio/generate_rtl.pl --name=soc_system_leds_0 --dir=C:/Users/ZHAMBA~1/AppData/Local/Temp/alt9781_4355718456505225209.dir/0004_leds_0_gen/ --quartus_dir=C:/altera_lite/15.1/quartus --verilog --config=C:/Users/ZHAMBA~1/AppData/Local/Temp/alt9781_4355718456505225209.dir/0004_leds_0_gen//soc_system_leds_0_component_configuration.pl  --do_build_sim=0  ]
Info: leds_0: Done RTL generation for module 'soc_system_leds_0'
Info: leds_0: "soc_system" instantiated altera_avalon_pio "leds_0"
Info: nios2_qsys_0: Starting RTL generation for module 'soc_system_nios2_qsys_0'
Info: nios2_qsys_0:   Generation command is [exec C:/altera_lite/15.1/quartus/bin64/eperlcmd.exe -I C:/altera_lite/15.1/quartus/bin64/perl/lib -I C:/altera_lite/15.1/quartus/sopc_builder/bin/europa -I C:/altera_lite/15.1/quartus/sopc_builder/bin/perl_lib -I C:/altera_lite/15.1/quartus/sopc_builder/bin -I C:/altera_lite/15.1/quartus/../ip/altera/nios2_ip/altera_nios2/cpu_lib -I C:/altera_lite/15.1/quartus/../ip/altera/nios2_ip/altera_nios2/nios_lib -I C:/altera_lite/15.1/quartus/../ip/altera/nios2_ip/altera_nios2 -I C:/altera_lite/15.1/quartus/../ip/altera/nios2_ip/altera_nios2 -- C:/altera_lite/15.1/quartus/../ip/altera/nios2_ip/altera_nios2/generate_rtl.epl --name=soc_system_nios2_qsys_0 --dir=C:/Users/ZHAMBA~1/AppData/Local/Temp/alt9781_4355718456505225209.dir/0005_nios2_qsys_0_gen/ --quartus_bindir=C:/altera_lite/15.1/quartus/bin64 --verilog --config=C:/Users/ZHAMBA~1/AppData/Local/Temp/alt9781_4355718456505225209.dir/0005_nios2_qsys_0_gen//soc_system_nios2_qsys_0_processor_configuration.pl  --do_build_sim=0  ]
Info: nios2_qsys_0: # 2024.02.28 10:45:21 (*) Starting Nios II generation
Info: nios2_qsys_0: # 2024.02.28 10:45:21 (*)   Checking for plaintext license.
Info: nios2_qsys_0: # 2024.02.28 10:45:25 (*)   Plaintext license not found.
Info: nios2_qsys_0: # 2024.02.28 10:45:25 (*)   Checking for encrypted license (non-evaluation).
Info: nios2_qsys_0: # 2024.02.28 10:45:29 (*)   Encrypted license not found.  Defaulting to OCP evaluation license (produces a time-limited SOF)
Info: nios2_qsys_0: # 2024.02.28 10:45:29 (*)   Elaborating CPU configuration settings
Info: nios2_qsys_0: # 2024.02.28 10:45:29 (*)   Creating all objects for CPU
Info: nios2_qsys_0: # 2024.02.28 10:45:29 (*)     Testbench
Info: nios2_qsys_0: # 2024.02.28 10:45:29 (*)     Instruction decoding
Info: nios2_qsys_0: # 2024.02.28 10:45:29 (*)       Instruction fields
Info: nios2_qsys_0: # 2024.02.28 10:45:29 (*)       Instruction decodes
Info: nios2_qsys_0: # 2024.02.28 10:45:30 (*)       Signals for RTL simulation waveforms
Info: nios2_qsys_0: # 2024.02.28 10:45:30 (*)       Instruction controls
Info: nios2_qsys_0: # 2024.02.28 10:45:30 (*)     Pipeline frontend
Info: nios2_qsys_0: # 2024.02.28 10:45:30 (*)     Pipeline backend
Info: nios2_qsys_0: # 2024.02.28 10:45:32 (*)   Generating RTL from CPU objects
Info: nios2_qsys_0: # 2024.02.28 10:45:34 (*)   Creating encrypted RTL
Info: nios2_qsys_0: # 2024.02.28 10:45:35 (*) Done Nios II generation
Info: nios2_qsys_0: Done RTL generation for module 'soc_system_nios2_qsys_0'
Info: nios2_qsys_0: "soc_system" instantiated altera_nios2_qsys "nios2_qsys_0"
Info: pll_0: "soc_system" instantiated altera_pll "pll_0"
Info: sdram_controller_0: Starting RTL generation for module 'soc_system_sdram_controller_0'
Info: sdram_controller_0:   Generation command is [exec C:/altera_lite/15.1/quartus/bin64/perl/bin/perl.exe -I C:/altera_lite/15.1/quartus/bin64/perl/lib -I C:/altera_lite/15.1/quartus/sopc_builder/bin/europa -I C:/altera_lite/15.1/quartus/sopc_builder/bin/perl_lib -I C:/altera_lite/15.1/quartus/sopc_builder/bin -I C:/altera_lite/15.1/quartus/../ip/altera/sopc_builder_ip/common -I C:/altera_lite/15.1/quartus/../ip/altera/sopc_builder_ip/altera_avalon_new_sdram_controller -- C:/altera_lite/15.1/quartus/../ip/altera/sopc_builder_ip/altera_avalon_new_sdram_controller/generate_rtl.pl --name=soc_system_sdram_controller_0 --dir=C:/Users/ZHAMBA~1/AppData/Local/Temp/alt9781_4355718456505225209.dir/0007_sdram_controller_0_gen/ --quartus_dir=C:/altera_lite/15.1/quartus --verilog --config=C:/Users/ZHAMBA~1/AppData/Local/Temp/alt9781_4355718456505225209.dir/0007_sdram_controller_0_gen//soc_system_sdram_controller_0_component_configuration.pl  --do_build_sim=0  ]
Info: sdram_controller_0: Done RTL generation for module 'soc_system_sdram_controller_0'
Info: sdram_controller_0: "soc_system" instantiated altera_avalon_new_sdram_controller "sdram_controller_0"
Info: switches_0: Starting RTL generation for module 'soc_system_switches_0'
Info: switches_0:   Generation command is [exec C:/altera_lite/15.1/quartus/bin64/perl/bin/perl.exe -I C:/altera_lite/15.1/quartus/bin64/perl/lib -I C:/altera_lite/15.1/quartus/sopc_builder/bin/europa -I C:/altera_lite/15.1/quartus/sopc_builder/bin/perl_lib -I C:/altera_lite/15.1/quartus/sopc_builder/bin -I C:/altera_lite/15.1/quartus/../ip/altera/sopc_builder_ip/common -I C:/altera_lite/15.1/quartus/../ip/altera/sopc_builder_ip/altera_avalon_pio -- C:/altera_lite/15.1/quartus/../ip/altera/sopc_builder_ip/altera_avalon_pio/generate_rtl.pl --name=soc_system_switches_0 --dir=C:/Users/ZHAMBA~1/AppData/Local/Temp/alt9781_4355718456505225209.dir/0008_switches_0_gen/ --quartus_dir=C:/altera_lite/15.1/quartus --verilog --config=C:/Users/ZHAMBA~1/AppData/Local/Temp/alt9781_4355718456505225209.dir/0008_switches_0_gen//soc_system_switches_0_component_configuration.pl  --do_build_sim=0  ]
Info: switches_0: Done RTL generation for module 'soc_system_switches_0'
Info: switches_0: "soc_system" instantiated altera_avalon_pio "switches_0"
Info: sysid: "soc_system" instantiated altera_avalon_sysid_qsys "sysid"
Info: avalon_st_adapter: Inserting error_adapter: error_adapter_0
Info: avalon_st_adapter_001: Inserting error_adapter: error_adapter_0
Info: avalon_st_adapter_002: Inserting error_adapter: error_adapter_0
Info: avalon_st_adapter_003: Inserting error_adapter: error_adapter_0
Info: avalon_st_adapter_004: Inserting error_adapter: error_adapter_0
Info: avalon_st_adapter_005: Inserting error_adapter: error_adapter_0
Info: mm_interconnect_0: "soc_system" instantiated altera_mm_interconnect "mm_interconnect_0"
Info: avalon_st_adapter: Inserting error_adapter: error_adapter_0
Info: avalon_st_adapter_001: Inserting error_adapter: error_adapter_0
Info: avalon_st_adapter_002: Inserting error_adapter: error_adapter_0
Info: avalon_st_adapter_003: Inserting error_adapter: error_adapter_0
Info: avalon_st_adapter_004: Inserting error_adapter: error_adapter_0
Info: avalon_st_adapter_005: Inserting error_adapter: error_adapter_0
Info: avalon_st_adapter_006: Inserting error_adapter: error_adapter_0
Info: mm_interconnect_1: "soc_system" instantiated altera_mm_interconnect "mm_interconnect_1"
Info: irq_mapper: "soc_system" instantiated altera_irq_mapper "irq_mapper"
Info: rst_controller: "soc_system" instantiated altera_reset_controller "rst_controller"
Info: fpga_interfaces: "hps_0" instantiated altera_interface_generator "fpga_interfaces"
Info: hps_io: "hps_0" instantiated altera_hps_io "hps_io"
Info: nios2_qsys_0_data_master_translator: "mm_interconnect_0" instantiated altera_merlin_master_translator "nios2_qsys_0_data_master_translator"
Info: jtag_uart_0_avalon_jtag_slave_translator: "mm_interconnect_0" instantiated altera_merlin_slave_translator "jtag_uart_0_avalon_jtag_slave_translator"
Info: nios2_qsys_0_data_master_agent: "mm_interconnect_0" instantiated altera_merlin_master_agent "nios2_qsys_0_data_master_agent"
Info: jtag_uart_0_avalon_jtag_slave_agent: "mm_interconnect_0" instantiated altera_merlin_slave_agent "jtag_uart_0_avalon_jtag_slave_agent"
Info: jtag_uart_0_avalon_jtag_slave_agent_rsp_fifo: "mm_interconnect_0" instantiated altera_avalon_sc_fifo "jtag_uart_0_avalon_jtag_slave_agent_rsp_fifo"
Info: router: "mm_interconnect_0" instantiated altera_merlin_router "router"
Info: router_001: "mm_interconnect_0" instantiated altera_merlin_router "router_001"
Info: router_002: "mm_interconnect_0" instantiated altera_merlin_router "router_002"
Info: router_004: "mm_interconnect_0" instantiated altera_merlin_router "router_004"
Info: router_005: "mm_interconnect_0" instantiated altera_merlin_router "router_005"
Info: router_007: "mm_interconnect_0" instantiated altera_merlin_router "router_007"
Info: nios2_qsys_0_data_master_limiter: "mm_interconnect_0" instantiated altera_merlin_traffic_limiter "nios2_qsys_0_data_master_limiter"
Info: Reusing file C:/repos/quartus_proj/BM-CycloneV-DE1_SoC/DE1_SoC_demo/hw/quartus/soc_system/synthesis/submodules/altera_avalon_sc_fifo.v
Info: sdram_controller_0_s1_burst_adapter: "mm_interconnect_0" instantiated altera_merlin_burst_adapter "sdram_controller_0_s1_burst_adapter"
Info: Reusing file C:/repos/quartus_proj/BM-CycloneV-DE1_SoC/DE1_SoC_demo/hw/quartus/soc_system/synthesis/submodules/altera_avalon_st_pipeline_base.v
Info: cmd_demux: "mm_interconnect_0" instantiated altera_merlin_demultiplexer "cmd_demux"
Info: cmd_demux_001: "mm_interconnect_0" instantiated altera_merlin_demultiplexer "cmd_demux_001"
Info: cmd_mux: "mm_interconnect_0" instantiated altera_merlin_multiplexer "cmd_mux"
Info: cmd_mux_002: "mm_interconnect_0" instantiated altera_merlin_multiplexer "cmd_mux_002"
Info: Reusing file C:/repos/quartus_proj/BM-CycloneV-DE1_SoC/DE1_SoC_demo/hw/quartus/soc_system/synthesis/submodules/altera_merlin_arbitrator.sv
Info: rsp_demux: "mm_interconnect_0" instantiated altera_merlin_demultiplexer "rsp_demux"
Info: rsp_demux_002: "mm_interconnect_0" instantiated altera_merlin_demultiplexer "rsp_demux_002"
Info: rsp_demux_003: "mm_interconnect_0" instantiated altera_merlin_demultiplexer "rsp_demux_003"
Info: rsp_mux: "mm_interconnect_0" instantiated altera_merlin_multiplexer "rsp_mux"
Info: Reusing file C:/repos/quartus_proj/BM-CycloneV-DE1_SoC/DE1_SoC_demo/hw/quartus/soc_system/synthesis/submodules/altera_merlin_arbitrator.sv
Info: rsp_mux_001: "mm_interconnect_0" instantiated altera_merlin_multiplexer "rsp_mux_001"
Info: Reusing file C:/repos/quartus_proj/BM-CycloneV-DE1_SoC/DE1_SoC_demo/hw/quartus/soc_system/synthesis/submodules/altera_merlin_arbitrator.sv
Info: sdram_controller_0_s1_rsp_width_adapter: "mm_interconnect_0" instantiated altera_merlin_width_adapter "sdram_controller_0_s1_rsp_width_adapter"
Info: Reusing file C:/repos/quartus_proj/BM-CycloneV-DE1_SoC/DE1_SoC_demo/hw/quartus/soc_system/synthesis/submodules/altera_merlin_address_alignment.sv
Info: Reusing file C:/repos/quartus_proj/BM-CycloneV-DE1_SoC/DE1_SoC_demo/hw/quartus/soc_system/synthesis/submodules/altera_merlin_burst_uncompressor.sv
Info: crosser: "mm_interconnect_0" instantiated altera_avalon_st_handshake_clock_crosser "crosser"
Info: Reusing file C:/repos/quartus_proj/BM-CycloneV-DE1_SoC/DE1_SoC_demo/hw/quartus/soc_system/synthesis/submodules/altera_avalon_st_pipeline_base.v
Info: avalon_st_adapter: "mm_interconnect_0" instantiated altera_avalon_st_adapter "avalon_st_adapter"
Info: avalon_st_adapter_003: "mm_interconnect_0" instantiated altera_avalon_st_adapter "avalon_st_adapter_003"
Info: hps_0_h2f_lw_axi_master_agent: "mm_interconnect_1" instantiated altera_merlin_axi_master_ni "hps_0_h2f_lw_axi_master_agent"
Info: Reusing file C:/repos/quartus_proj/BM-CycloneV-DE1_SoC/DE1_SoC_demo/hw/quartus/soc_system/synthesis/submodules/altera_merlin_address_alignment.sv
Info: router: "mm_interconnect_1" instantiated altera_merlin_router "router"
Info: router_002: "mm_interconnect_1" instantiated altera_merlin_router "router_002"
Info: cmd_demux: "mm_interconnect_1" instantiated altera_merlin_demultiplexer "cmd_demux"
Info: cmd_mux: "mm_interconnect_1" instantiated altera_merlin_multiplexer "cmd_mux"
Info: Reusing file C:/repos/quartus_proj/BM-CycloneV-DE1_SoC/DE1_SoC_demo/hw/quartus/soc_system/synthesis/submodules/altera_merlin_arbitrator.sv
Info: rsp_demux: "mm_interconnect_1" instantiated altera_merlin_demultiplexer "rsp_demux"
Info: rsp_mux: "mm_interconnect_1" instantiated altera_merlin_multiplexer "rsp_mux"
Info: Reusing file C:/repos/quartus_proj/BM-CycloneV-DE1_SoC/DE1_SoC_demo/hw/quartus/soc_system/synthesis/submodules/altera_merlin_arbitrator.sv
Info: border: "hps_io" instantiated altera_interface_generator "border"
Info: error_adapter_0: "avalon_st_adapter" instantiated error_adapter "error_adapter_0"
Info: error_adapter_0: "avalon_st_adapter_003" instantiated error_adapter "error_adapter_0"
Info: soc_system: Done "soc_system" with 53 modules, 131 files
Info: qsys-generate succeeded.
Info: Finished: Create HDL design files for synthesis
